(---------------------------------------------------------------------)
(                                                                     )
(    Netrev Allegro Import Logic                                      )
(                                                                     )
(    Drawing          : fpga_pci_card.brd                             )
(    Software Version : 16.3p004                                      )
(    Date/Time        : Fri Oct 01 23:23:02 2010                      )
(                                                                     )
(---------------------------------------------------------------------)


------ Directives ------

RIPUP_ETCH FALSE;
RIPUP_SYMBOLS ALWAYS;
Missing symbol has error FALSE;
SCHEMATIC_DIRECTORY 'C:/Documents and Settings/Sam Skalicky/My Documents/Motherboard/cisco-coop-mobo/Schematics/PCI card/allegro';
BOARD_DIRECTORY '';
OLD_BOARD_NAME 'C:/Documents and Settings/Sam Skalicky/My Documents/Motherboard/cisco-coop-mobo/Schematics/PCI card/allegro/fpga_pci_card.brd';
NEW_BOARD_NAME 'C:/Documents and Settings/Sam Skalicky/My Documents/Motherboard/cisco-coop-mobo/Schematics/PCI card/allegro/fpga_pci_card.brd';

CmdLine: netrev -$ -i C:/Documents and Settings/Sam Skalicky/My Documents/Motherboard/cisco-coop-mobo/Schematics/PCI card/allegro -y 1 C:/Documents and Settings/Sam Skalicky/My Documents/Motherboard/cisco-coop-mobo/Schematics/PCI card/allegro/#Taaaaaa00364.tmp

------ Preparing to read pst files ------

Starting to read C:/Documents and Settings/Sam Skalicky/My Documents/Motherboard/cisco-coop-mobo/Schematics/PCI card/allegro/pstchip.dat 
   Finished reading C:/Documents and Settings/Sam Skalicky/My Documents/Motherboard/cisco-coop-mobo/Schematics/PCI card/allegro/pstchip.dat (00:00:00.14)
Starting to read C:/Documents and Settings/Sam Skalicky/My Documents/Motherboard/cisco-coop-mobo/Schematics/PCI card/allegro/pstxprt.dat 
   Finished reading C:/Documents and Settings/Sam Skalicky/My Documents/Motherboard/cisco-coop-mobo/Schematics/PCI card/allegro/pstxprt.dat (00:00:00.01)
Starting to read C:/Documents and Settings/Sam Skalicky/My Documents/Motherboard/cisco-coop-mobo/Schematics/PCI card/allegro/pstxnet.dat 
   Finished reading C:/Documents and Settings/Sam Skalicky/My Documents/Motherboard/cisco-coop-mobo/Schematics/PCI card/allegro/pstxnet.dat (00:00:00.03)

------ Oversights/Warnings/Errors ------


#1   WARNING(SPMHNI-192): Device/Symbol check warning detected.

WARNING(SPMHNI-194): Symbol 'C3216' for device '10UF_6.3V_C3216_10UF' not found in PSMPATH or must be "dbdoctor"ed.

#2   WARNING(SPMHNI-192): Device/Symbol check warning detected.

WARNING(SPMHNI-194): Symbol 'C3216' for device '47UF_6.3V_C3216_47UF' not found in PSMPATH or must be "dbdoctor"ed.

#3   WARNING(SPMHNI-192): Device/Symbol check warning detected.

WARNING(SPMHNI-194): Symbol 'C7343' for device '330UF_6.3V_C7343_330UF' not found in PSMPATH or must be "dbdoctor"ed.

#4   WARNING(SPMHNI-192): Device/Symbol check warning detected.

WARNING(SPMHNI-194): Symbol 'C7343' for device '330UF_2.5V_C7343_330UF' not found in PSMPATH or must be "dbdoctor"ed.

#5   WARNING(SPMHNI-192): Device/Symbol check warning detected.

WARNING(SPMHNI-194): Symbol 'HEADER3X2' for device 'HEADER 3X2/SM_HEADER3X2_HEADER' not found in PSMPATH or must be "dbdoctor"ed.

#6   WARNING(SPMHNI-192): Device/Symbol check warning detected.

WARNING(SPMHNI-194): Symbol 'HEADER7X2' for device 'HEADER 7X2_HEADER7X2_HEADER 7X2' not found in PSMPATH or must be "dbdoctor"ed.

#7   WARNING(SPMHNI-192): Device/Symbol check warning detected.

WARNING(SPMHNI-194): Symbol 'MINIDIMM' for device 'MINI DIMM 1GB SMART_MINIDIMM_MI' not found in PSMPATH or must be "dbdoctor"ed.

#8   WARNING(SPMHNI-192): Device/Symbol check warning detected.

WARNING(SPMHNI-337): Unable to load symbol '0805' for device '1K_1/10W_0805_1K': WARNING(SPMHUT-127): Could not find padstack PAD_0P7_1P3_MM.

#9   WARNING(SPMHNI-192): Device/Symbol check warning detected.

WARNING(SPMHNI-337): Unable to load symbol '0805' for device '100_1/10W_0805_100': WARNING(SPMHUT-127): Could not find padstack PAD_0P7_1P3_MM.

#10  WARNING(SPMHNI-192): Device/Symbol check warning detected.

WARNING(SPMHNI-337): Unable to load symbol '0805' for device '30.1K_1/10W_0805_30.1K': WARNING(SPMHUT-127): Could not find padstack PAD_0P7_1P3_MM.

#11  WARNING(SPMHNI-192): Device/Symbol check warning detected.

WARNING(SPMHNI-337): Unable to load symbol '0805' for device '31.6K_1/10W_0805_31.6K': WARNING(SPMHUT-127): Could not find padstack PAD_0P7_1P3_MM.

#12  WARNING(SPMHNI-192): Device/Symbol check warning detected.

WARNING(SPMHNI-337): Unable to load symbol '0805' for device '44.2K_1/10W_0805_44.2K': WARNING(SPMHUT-127): Could not find padstack PAD_0P7_1P3_MM.

#13  WARNING(SPMHNI-192): Device/Symbol check warning detected.

WARNING(SPMHNI-337): Unable to load symbol '0805' for device '84.5K_1/10W_0805_84.5K': WARNING(SPMHUT-127): Could not find padstack PAD_0P7_1P3_MM.

#14  WARNING(SPMHNI-192): Device/Symbol check warning detected.

WARNING(SPMHNI-194): Symbol 'XC4VLX80' for device 'XC4VLX80_FF1148_XC4VLX80_XC4VLX' not found in PSMPATH or must be "dbdoctor"ed.

#15  WARNING(SPMHNI-192): Device/Symbol check warning detected.

WARNING(SPMHNI-194): Symbol 'XC32PFS48' for device 'XCF32P_FS48_XC32PFS48_XCF32P_FS' not found in PSMPATH or must be "dbdoctor"ed.

#16  WARNING(SPMHNI-192): Device/Symbol check warning detected.

WARNING(SPMHNI-194): Symbol 'PTH05000W' for device 'TI_PTH05000W_PTH05000W_TI PTH05' not found in PSMPATH or must be "dbdoctor"ed.

#17  WARNING(SPMHNI-192): Device/Symbol check warning detected.

WARNING(SPMHNI-194): Symbol 'PTH05050Y' for device 'TI_PTH05050Y_PTH05050Y_TI PTH05' not found in PSMPATH or must be "dbdoctor"ed.

#18  WARNING(SPMHNI-192): Device/Symbol check warning detected.

WARNING(SPMHNI-194): Symbol 'TPS75501' for device 'TI_TPS75501_TPS75501_TPS75501' not found in PSMPATH or must be "dbdoctor"ed.

#19  WARNING(SPMHNI-192): Device/Symbol check warning detected.

WARNING(SPMHNI-194): Symbol 'PTH03000' for device 'TI_PTH03000_PTH03000_TI_PTH0300' not found in PSMPATH or must be "dbdoctor"ed.

------ Library Paths ------
MODULEPATH =  . 
           C:/Cadence/SPB_16.3/share/local/pcb/modules 

PSMPATH =  . 
           symbols 
           .. 
           ../symbols 
           C:/Cadence/SPB_16.3/share/local/pcb/symbols 
           C:/Cadence/SPB_16.3/share/pcb/pcb_lib/symbols 
           C:/Cadence/SPB_16.3/share/pcb/allegrolib/symbols 
           C:/SPB_Data/ 

PADPATH =  . 
           symbols 
           .. 
           ../symbols 
           C:/Cadence/SPB_16.3/share/local/pcb/padstacks 
           C:/Cadence/SPB_16.3/share/pcb/pcb_lib/symbols 
           C:/Cadence/SPB_16.3/share/pcb/allegrolib/symbols 
           C:\SPB_Data\ 


------ Summary Statistics ------


netrev run on Oct 1 23:23:02 2010
   DESIGN NAME : 'PCI CARD'
   PACKAGING ON Nov 17 2009 03:09:43

   COMPILE 'logic'
   CHECK_PIN_NAMES OFF
   CROSS_REFERENCE OFF
   FEEDBACK OFF
   INCREMENTAL OFF
   INTERFACE_TYPE PHYSICAL
   MAX_ERRORS 500
   MERGE_MINIMUM 5
   NET_NAME_CHARS '#%&()*+-./:=>?@[]^_`|'
   NET_NAME_LENGTH 24
   OVERSIGHTS ON
   REPLACE_CHECK OFF
   SINGLE_NODE_NETS ON
   SPLIT_MINIMUM 0
   SUPPRESS   20
   WARNINGS ON

 No error detected
 No oversight detected
 19 warnings detected

cpu time      0:01:36
elapsed time  0:00:01

