(---------------------------------------------------------------------)
(                                                                     )
(    Netrev Allegro Import Logic                                      )
(                                                                     )
(    Drawing          : motherboard.brd                               )
(    Software Version : 16.3p004                                      )
(    Date/Time        : Fri Aug 27 21:31:04 2010                      )
(                                                                     )
(---------------------------------------------------------------------)


------ Directives ------

RIPUP_ETCH FALSE;
RIPUP_SYMBOLS ALWAYS;
Missing symbol has error FALSE;
SCHEMATIC_DIRECTORY 'C:/Documents and Settings/Sam Skalicky/My Documents/Motherboard/cisco-coop-mobo/Schematics/Motherboard/allegro';
BOARD_DIRECTORY '';
OLD_BOARD_NAME 'C:/Documents and Settings/Sam Skalicky/My Documents/Motherboard/cisco-coop-mobo/Schematics/Motherboard/allegro/motherboard.brd';
NEW_BOARD_NAME 'C:/Documents and Settings/Sam Skalicky/My Documents/Motherboard/cisco-coop-mobo/Schematics/Motherboard/allegro/motherboard.brd';

CmdLine: netrev -$ -i C:/Documents and Settings/Sam Skalicky/My Documents/Motherboard/cisco-coop-mobo/Schematics/Motherboard/allegro -y 1 C:/Documents and Settings/Sam Skalicky/My Documents/Motherboard/cisco-coop-mobo/Schematics/Motherboard/allegro/#Taaaaaa01684.tmp

------ Preparing to read pst files ------

Starting to read C:/Documents and Settings/Sam Skalicky/My Documents/Motherboard/cisco-coop-mobo/Schematics/Motherboard/allegro/pstchip.dat 
   Finished reading C:/Documents and Settings/Sam Skalicky/My Documents/Motherboard/cisco-coop-mobo/Schematics/Motherboard/allegro/pstchip.dat (00:00:00.15)
Starting to read C:/Documents and Settings/Sam Skalicky/My Documents/Motherboard/cisco-coop-mobo/Schematics/Motherboard/allegro/pstxprt.dat 
   Finished reading C:/Documents and Settings/Sam Skalicky/My Documents/Motherboard/cisco-coop-mobo/Schematics/Motherboard/allegro/pstxprt.dat (00:00:00.01)
Starting to read C:/Documents and Settings/Sam Skalicky/My Documents/Motherboard/cisco-coop-mobo/Schematics/Motherboard/allegro/pstxnet.dat 
   Finished reading C:/Documents and Settings/Sam Skalicky/My Documents/Motherboard/cisco-coop-mobo/Schematics/Motherboard/allegro/pstxnet.dat (00:00:00.07)

------ Oversights/Warnings/Errors ------


------ Library Paths ------
MODULEPATH =  . 
           C:/Cadence/SPB_16.3/share/local/pcb/modules 

PSMPATH =  . 
           symbols 
           .. 
           ../symbols 
           C:/Cadence/SPB_16.3/share/local/pcb/symbols 
           C:/Cadence/SPB_16.3/share/pcb/pcb_lib/symbols 
           C:/Cadence/SPB_16.3/share/pcb/allegrolib/symbols 
           C:/SPB_Data/ 

PADPATH =  . 
           symbols 
           .. 
           ../symbols 
           C:/Cadence/SPB_16.3/share/local/pcb/padstacks 
           C:/Cadence/SPB_16.3/share/pcb/pcb_lib/symbols 
           C:/Cadence/SPB_16.3/share/pcb/allegrolib/symbols 
           C:\SPB_Data\ 


------ Summary Statistics ------


netrev run on Aug 27 21:31:04 2010
   DESIGN NAME : 'MOTHERBOARD'
   PACKAGING ON Nov 17 2009 03:09:43

   COMPILE 'logic'
   CHECK_PIN_NAMES OFF
   CROSS_REFERENCE OFF
   FEEDBACK OFF
   INCREMENTAL OFF
   INTERFACE_TYPE PHYSICAL
   MAX_ERRORS 500
   MERGE_MINIMUM 5
   NET_NAME_CHARS '#%&()*+-./:=>?@[]^_`|'
   NET_NAME_LENGTH 24
   OVERSIGHTS ON
   REPLACE_CHECK OFF
   SINGLE_NODE_NETS ON
   SPLIT_MINIMUM 0
   SUPPRESS   20
   WARNINGS ON

 No error detected
 No oversight detected
 No warning detected

cpu time      0:02:17
elapsed time  0:00:01

